	.text
	.syntax unified
	.eabi_attribute	67, "2.09"	@ Tag_conformance
	.cpu	cortex-m4
	.eabi_attribute	6, 13	@ Tag_CPU_arch
	.eabi_attribute	7, 77	@ Tag_CPU_arch_profile
	.eabi_attribute	8, 0	@ Tag_ARM_ISA_use
	.eabi_attribute	9, 2	@ Tag_THUMB_ISA_use
	.fpu	fpv4-sp-d16
	.eabi_attribute	27, 1	@ Tag_ABI_HardFP_use
	.eabi_attribute	36, 1	@ Tag_FP_HP_extension
	.eabi_attribute	34, 1	@ Tag_CPU_unaligned_access
	.eabi_attribute	17, 1	@ Tag_ABI_PCS_GOT_use
	.eabi_attribute	20, 2	@ Tag_ABI_FP_denormal
	.eabi_attribute	21, 0	@ Tag_ABI_FP_exceptions
	.eabi_attribute	23, 1	@ Tag_ABI_FP_number_model
	.eabi_attribute	24, 1	@ Tag_ABI_align_needed
	.eabi_attribute	25, 1	@ Tag_ABI_align_preserved
	.eabi_attribute	28, 1	@ Tag_ABI_VFP_args
	.eabi_attribute	38, 1	@ Tag_ABI_FP_16bit_format
	.eabi_attribute	18, 2	@ Tag_ABI_PCS_wchar_t
	.eabi_attribute	26, 1	@ Tag_ABI_enum_size
	.eabi_attribute	14, 0	@ Tag_ABI_PCS_R9_use
	.file	"gpio.c"
	.hidden	GPIO_SetMode                    @ -- Begin function GPIO_SetMode
	.globl	GPIO_SetMode
	.p2align	2
	.type	GPIO_SetMode,%function
	.code	16                              @ @GPIO_SetMode
	.thumb_func
GPIO_SetMode:
.Lfunc_begin0:
	.file	1 "C:\\Users\\Admin\\Downloads\\EEET2481_Tutorial_1_LED_Sweep" "Library/StdDriver/src/gpio.c"
	.loc	1 40 0                          @ Library/StdDriver/src/gpio.c:40:0
	.fnstart
	.cfi_sections .debug_frame
	.cfi_startproc
@ %bb.0:
	@DEBUG_VALUE: GPIO_SetMode:port <- $r0
	@DEBUG_VALUE: GPIO_SetMode:u32PinMask <- $r1
	@DEBUG_VALUE: GPIO_SetMode:u32Mode <- $r2
	.save	{r4, r5, r6, lr}
	push	{r4, r5, r6, lr}
	.cfi_def_cfa_offset 16
	.cfi_offset lr, -4
	.cfi_offset r6, -8
	.cfi_offset r5, -12
	.cfi_offset r4, -16
	movs	r3, #0
	mov.w	lr, #14
.Ltmp0:
	@DEBUG_VALUE: GPIO_SetMode:i <- 0
	mov.w	r12, #3
	b	.LBB0_2
.Ltmp1:
	.p2align	2
.LBB0_1:                                @   in Loop: Header=BB0_2 Depth=1
	@DEBUG_VALUE: GPIO_SetMode:u32Mode <- $r2
	@DEBUG_VALUE: GPIO_SetMode:u32PinMask <- $r1
	@DEBUG_VALUE: GPIO_SetMode:port <- $r0
	@DEBUG_VALUE: GPIO_SetMode:i <- [DW_OP_plus_uconst 8, DW_OP_stack_value] undef
	.loc	1 43 20 prologue_end            @ Library/StdDriver/src/gpio.c:43:20
	adds	r3, #1
.Ltmp2:
	.loc	1 43 5 is_stmt 0                @ Library/StdDriver/src/gpio.c:43:5
	cmp	r3, #16
.Ltmp3:
	.loc	1 43 20                         @ Library/StdDriver/src/gpio.c:43:20
	add.w	lr, lr, #16
.Ltmp4:
	.loc	1 50 1 is_stmt 1                @ Library/StdDriver/src/gpio.c:50:1
	it	eq
	.loc	1 50 1 epilogue_begin is_stmt 0 @ Library/StdDriver/src/gpio.c:50:1
	popeq	{r4, r5, r6, pc}
.Ltmp5:
.LBB0_2:                                @ =>This Inner Loop Header: Depth=1
	@DEBUG_VALUE: GPIO_SetMode:u32Mode <- $r2
	@DEBUG_VALUE: GPIO_SetMode:u32PinMask <- $r1
	@DEBUG_VALUE: GPIO_SetMode:port <- $r0
	@DEBUG_VALUE: GPIO_SetMode:i <- $r3
	.loc	1 45 12 is_stmt 1               @ Library/StdDriver/src/gpio.c:45:12
	lsr.w	r4, r1, r3
	lsls	r4, r4, #31
	beq	.LBB0_4
.Ltmp6:
@ %bb.3:                                @   in Loop: Header=BB0_2 Depth=1
	@DEBUG_VALUE: GPIO_SetMode:i <- $r3
	@DEBUG_VALUE: GPIO_SetMode:u32Mode <- $r2
	@DEBUG_VALUE: GPIO_SetMode:u32PinMask <- $r1
	@DEBUG_VALUE: GPIO_SetMode:port <- $r0
	.loc	1 47 33                         @ Library/StdDriver/src/gpio.c:47:33
	ldr	r4, [r0]
	.loc	1 47 48 is_stmt 0               @ Library/StdDriver/src/gpio.c:47:48
	sub.w	r5, lr, #14
	lsl.w	r6, r12, r5
	.loc	1 47 38                         @ Library/StdDriver/src/gpio.c:47:38
	bics	r4, r6
	.loc	1 47 73                         @ Library/StdDriver/src/gpio.c:47:73
	lsl.w	r5, r2, r5
	.loc	1 47 62                         @ Library/StdDriver/src/gpio.c:47:62
	orrs	r4, r5
	.loc	1 47 24                         @ Library/StdDriver/src/gpio.c:47:24
	str	r4, [r0]
.Ltmp7:
.LBB0_4:                                @   in Loop: Header=BB0_2 Depth=1
	@DEBUG_VALUE: GPIO_SetMode:i <- $r3
	@DEBUG_VALUE: GPIO_SetMode:u32Mode <- $r2
	@DEBUG_VALUE: GPIO_SetMode:u32PinMask <- $r1
	@DEBUG_VALUE: GPIO_SetMode:port <- $r0
	@DEBUG_VALUE: GPIO_SetMode:i <- [DW_OP_constu 1, DW_OP_or, DW_OP_stack_value] $r3
	.loc	1 45 31 is_stmt 1               @ Library/StdDriver/src/gpio.c:45:31
	adds	r3, #1
.Ltmp8:
	.loc	1 45 12 is_stmt 0               @ Library/StdDriver/src/gpio.c:45:12
	lsr.w	r4, r1, r3
	lsls	r4, r4, #31
	beq	.LBB0_6
.Ltmp9:
@ %bb.5:                                @   in Loop: Header=BB0_2 Depth=1
	@DEBUG_VALUE: GPIO_SetMode:u32Mode <- $r2
	@DEBUG_VALUE: GPIO_SetMode:u32PinMask <- $r1
	@DEBUG_VALUE: GPIO_SetMode:port <- $r0
	.loc	1 47 33 is_stmt 1               @ Library/StdDriver/src/gpio.c:47:33
	ldr	r4, [r0]
	.loc	1 47 48 is_stmt 0               @ Library/StdDriver/src/gpio.c:47:48
	sub.w	r5, lr, #12
	lsl.w	r6, r12, r5
	.loc	1 47 38                         @ Library/StdDriver/src/gpio.c:47:38
	bics	r4, r6
	.loc	1 47 73                         @ Library/StdDriver/src/gpio.c:47:73
	lsl.w	r5, r2, r5
	.loc	1 47 62                         @ Library/StdDriver/src/gpio.c:47:62
	orrs	r4, r5
	.loc	1 47 24                         @ Library/StdDriver/src/gpio.c:47:24
	str	r4, [r0]
.Ltmp10:
.LBB0_6:                                @   in Loop: Header=BB0_2 Depth=1
	@DEBUG_VALUE: GPIO_SetMode:u32Mode <- $r2
	@DEBUG_VALUE: GPIO_SetMode:u32PinMask <- $r1
	@DEBUG_VALUE: GPIO_SetMode:port <- $r0
	@DEBUG_VALUE: GPIO_SetMode:i <- [DW_OP_constu 2, DW_OP_or, DW_OP_stack_value] undef
	.loc	1 45 31 is_stmt 1               @ Library/StdDriver/src/gpio.c:45:31
	adds	r3, #1
.Ltmp11:
	.loc	1 45 12 is_stmt 0               @ Library/StdDriver/src/gpio.c:45:12
	lsr.w	r4, r1, r3
	lsls	r4, r4, #31
	beq	.LBB0_8
.Ltmp12:
@ %bb.7:                                @   in Loop: Header=BB0_2 Depth=1
	@DEBUG_VALUE: GPIO_SetMode:u32Mode <- $r2
	@DEBUG_VALUE: GPIO_SetMode:u32PinMask <- $r1
	@DEBUG_VALUE: GPIO_SetMode:port <- $r0
	.loc	1 47 33 is_stmt 1               @ Library/StdDriver/src/gpio.c:47:33
	ldr	r4, [r0]
	.loc	1 47 48 is_stmt 0               @ Library/StdDriver/src/gpio.c:47:48
	sub.w	r5, lr, #10
	lsl.w	r6, r12, r5
	.loc	1 47 38                         @ Library/StdDriver/src/gpio.c:47:38
	bics	r4, r6
	.loc	1 47 73                         @ Library/StdDriver/src/gpio.c:47:73
	lsl.w	r5, r2, r5
	.loc	1 47 62                         @ Library/StdDriver/src/gpio.c:47:62
	orrs	r4, r5
	.loc	1 47 24                         @ Library/StdDriver/src/gpio.c:47:24
	str	r4, [r0]
.Ltmp13:
.LBB0_8:                                @   in Loop: Header=BB0_2 Depth=1
	@DEBUG_VALUE: GPIO_SetMode:u32Mode <- $r2
	@DEBUG_VALUE: GPIO_SetMode:u32PinMask <- $r1
	@DEBUG_VALUE: GPIO_SetMode:port <- $r0
	@DEBUG_VALUE: GPIO_SetMode:i <- [DW_OP_constu 3, DW_OP_or, DW_OP_stack_value] undef
	.loc	1 45 31 is_stmt 1               @ Library/StdDriver/src/gpio.c:45:31
	adds	r3, #1
.Ltmp14:
	.loc	1 45 12 is_stmt 0               @ Library/StdDriver/src/gpio.c:45:12
	lsr.w	r4, r1, r3
	lsls	r4, r4, #31
	beq	.LBB0_10
.Ltmp15:
@ %bb.9:                                @   in Loop: Header=BB0_2 Depth=1
	@DEBUG_VALUE: GPIO_SetMode:u32Mode <- $r2
	@DEBUG_VALUE: GPIO_SetMode:u32PinMask <- $r1
	@DEBUG_VALUE: GPIO_SetMode:port <- $r0
	.loc	1 47 33 is_stmt 1               @ Library/StdDriver/src/gpio.c:47:33
	ldr	r4, [r0]
	.loc	1 47 48 is_stmt 0               @ Library/StdDriver/src/gpio.c:47:48
	sub.w	r5, lr, #8
	lsl.w	r6, r12, r5
	.loc	1 47 38                         @ Library/StdDriver/src/gpio.c:47:38
	bics	r4, r6
	.loc	1 47 73                         @ Library/StdDriver/src/gpio.c:47:73
	lsl.w	r5, r2, r5
	.loc	1 47 62                         @ Library/StdDriver/src/gpio.c:47:62
	orrs	r4, r5
	.loc	1 47 24                         @ Library/StdDriver/src/gpio.c:47:24
	str	r4, [r0]
.Ltmp16:
.LBB0_10:                               @   in Loop: Header=BB0_2 Depth=1
	@DEBUG_VALUE: GPIO_SetMode:u32Mode <- $r2
	@DEBUG_VALUE: GPIO_SetMode:u32PinMask <- $r1
	@DEBUG_VALUE: GPIO_SetMode:port <- $r0
	@DEBUG_VALUE: GPIO_SetMode:i <- [DW_OP_constu 4, DW_OP_or, DW_OP_stack_value] undef
	.loc	1 45 31 is_stmt 1               @ Library/StdDriver/src/gpio.c:45:31
	adds	r3, #1
.Ltmp17:
	.loc	1 45 12 is_stmt 0               @ Library/StdDriver/src/gpio.c:45:12
	lsr.w	r4, r1, r3
	lsls	r4, r4, #31
	beq	.LBB0_12
.Ltmp18:
@ %bb.11:                               @   in Loop: Header=BB0_2 Depth=1
	@DEBUG_VALUE: GPIO_SetMode:u32Mode <- $r2
	@DEBUG_VALUE: GPIO_SetMode:u32PinMask <- $r1
	@DEBUG_VALUE: GPIO_SetMode:port <- $r0
	.loc	1 47 33 is_stmt 1               @ Library/StdDriver/src/gpio.c:47:33
	ldr	r4, [r0]
	.loc	1 47 48 is_stmt 0               @ Library/StdDriver/src/gpio.c:47:48
	sub.w	r5, lr, #6
	lsl.w	r6, r12, r5
	.loc	1 47 38                         @ Library/StdDriver/src/gpio.c:47:38
	bics	r4, r6
	.loc	1 47 73                         @ Library/StdDriver/src/gpio.c:47:73
	lsl.w	r5, r2, r5
	.loc	1 47 62                         @ Library/StdDriver/src/gpio.c:47:62
	orrs	r4, r5
	.loc	1 47 24                         @ Library/StdDriver/src/gpio.c:47:24
	str	r4, [r0]
.Ltmp19:
.LBB0_12:                               @   in Loop: Header=BB0_2 Depth=1
	@DEBUG_VALUE: GPIO_SetMode:u32Mode <- $r2
	@DEBUG_VALUE: GPIO_SetMode:u32PinMask <- $r1
	@DEBUG_VALUE: GPIO_SetMode:port <- $r0
	@DEBUG_VALUE: GPIO_SetMode:i <- [DW_OP_constu 5, DW_OP_or, DW_OP_stack_value] undef
	.loc	1 45 31 is_stmt 1               @ Library/StdDriver/src/gpio.c:45:31
	adds	r3, #1
.Ltmp20:
	.loc	1 45 12 is_stmt 0               @ Library/StdDriver/src/gpio.c:45:12
	lsr.w	r4, r1, r3
	lsls	r4, r4, #31
	beq	.LBB0_14
.Ltmp21:
@ %bb.13:                               @   in Loop: Header=BB0_2 Depth=1
	@DEBUG_VALUE: GPIO_SetMode:u32Mode <- $r2
	@DEBUG_VALUE: GPIO_SetMode:u32PinMask <- $r1
	@DEBUG_VALUE: GPIO_SetMode:port <- $r0
	.loc	1 47 33 is_stmt 1               @ Library/StdDriver/src/gpio.c:47:33
	ldr	r4, [r0]
	.loc	1 47 48 is_stmt 0               @ Library/StdDriver/src/gpio.c:47:48
	sub.w	r5, lr, #4
	lsl.w	r6, r12, r5
	.loc	1 47 38                         @ Library/StdDriver/src/gpio.c:47:38
	bics	r4, r6
	.loc	1 47 73                         @ Library/StdDriver/src/gpio.c:47:73
	lsl.w	r5, r2, r5
	.loc	1 47 62                         @ Library/StdDriver/src/gpio.c:47:62
	orrs	r4, r5
	.loc	1 47 24                         @ Library/StdDriver/src/gpio.c:47:24
	str	r4, [r0]
.Ltmp22:
.LBB0_14:                               @   in Loop: Header=BB0_2 Depth=1
	@DEBUG_VALUE: GPIO_SetMode:u32Mode <- $r2
	@DEBUG_VALUE: GPIO_SetMode:u32PinMask <- $r1
	@DEBUG_VALUE: GPIO_SetMode:port <- $r0
	@DEBUG_VALUE: GPIO_SetMode:i <- [DW_OP_constu 6, DW_OP_or, DW_OP_stack_value] undef
	.loc	1 45 31 is_stmt 1               @ Library/StdDriver/src/gpio.c:45:31
	adds	r3, #1
.Ltmp23:
	.loc	1 45 12 is_stmt 0               @ Library/StdDriver/src/gpio.c:45:12
	lsr.w	r4, r1, r3
	lsls	r4, r4, #31
	beq	.LBB0_16
.Ltmp24:
@ %bb.15:                               @   in Loop: Header=BB0_2 Depth=1
	@DEBUG_VALUE: GPIO_SetMode:u32Mode <- $r2
	@DEBUG_VALUE: GPIO_SetMode:u32PinMask <- $r1
	@DEBUG_VALUE: GPIO_SetMode:port <- $r0
	.loc	1 47 33 is_stmt 1               @ Library/StdDriver/src/gpio.c:47:33
	ldr	r4, [r0]
	.loc	1 47 48 is_stmt 0               @ Library/StdDriver/src/gpio.c:47:48
	sub.w	r5, lr, #2
	lsl.w	r6, r12, r5
	.loc	1 47 38                         @ Library/StdDriver/src/gpio.c:47:38
	bics	r4, r6
	.loc	1 47 73                         @ Library/StdDriver/src/gpio.c:47:73
	lsl.w	r5, r2, r5
	.loc	1 47 62                         @ Library/StdDriver/src/gpio.c:47:62
	orrs	r4, r5
	.loc	1 47 24                         @ Library/StdDriver/src/gpio.c:47:24
	str	r4, [r0]
.Ltmp25:
.LBB0_16:                               @   in Loop: Header=BB0_2 Depth=1
	@DEBUG_VALUE: GPIO_SetMode:u32Mode <- $r2
	@DEBUG_VALUE: GPIO_SetMode:u32PinMask <- $r1
	@DEBUG_VALUE: GPIO_SetMode:port <- $r0
	@DEBUG_VALUE: GPIO_SetMode:i <- [DW_OP_constu 7, DW_OP_or, DW_OP_stack_value] undef
	.loc	1 45 31 is_stmt 1               @ Library/StdDriver/src/gpio.c:45:31
	adds	r3, #1
.Ltmp26:
	.loc	1 45 12 is_stmt 0               @ Library/StdDriver/src/gpio.c:45:12
	lsr.w	r4, r1, r3
	lsls	r4, r4, #31
	beq	.LBB0_1
.Ltmp27:
@ %bb.17:                               @   in Loop: Header=BB0_2 Depth=1
	@DEBUG_VALUE: GPIO_SetMode:u32Mode <- $r2
	@DEBUG_VALUE: GPIO_SetMode:u32PinMask <- $r1
	@DEBUG_VALUE: GPIO_SetMode:port <- $r0
	.loc	1 47 33 is_stmt 1               @ Library/StdDriver/src/gpio.c:47:33
	ldr	r4, [r0]
	.loc	1 47 48 is_stmt 0               @ Library/StdDriver/src/gpio.c:47:48
	lsl.w	r5, r12, lr
	.loc	1 47 38                         @ Library/StdDriver/src/gpio.c:47:38
	bics	r4, r5
	.loc	1 47 73                         @ Library/StdDriver/src/gpio.c:47:73
	lsl.w	r5, r2, lr
	.loc	1 47 62                         @ Library/StdDriver/src/gpio.c:47:62
	orrs	r4, r5
	.loc	1 47 24                         @ Library/StdDriver/src/gpio.c:47:24
	str	r4, [r0]
	b	.LBB0_1
.Ltmp28:
.Lfunc_end0:
	.size	GPIO_SetMode, .Lfunc_end0-GPIO_SetMode
	.cfi_endproc
	.cantunwind
	.fnend
                                        @ -- End function
	.hidden	GPIO_EnableInt                  @ -- Begin function GPIO_EnableInt
	.globl	GPIO_EnableInt
	.p2align	2
	.type	GPIO_EnableInt,%function
	.code	16                              @ @GPIO_EnableInt
	.thumb_func
GPIO_EnableInt:
.Lfunc_begin1:
	.fnstart
	.cfi_startproc
@ %bb.0:
	@DEBUG_VALUE: GPIO_EnableInt:port <- $r0
	@DEBUG_VALUE: GPIO_EnableInt:u32Pin <- $r1
	@DEBUG_VALUE: GPIO_EnableInt:u32IntAttribs <- $r2
	.loc	1 69 28 prologue_end is_stmt 1  @ Library/StdDriver/src/gpio.c:69:28
	ldr.w	r12, [r0, #24]
	movs	r3, #1
	.loc	1 69 41 is_stmt 0               @ Library/StdDriver/src/gpio.c:69:41
	lsls	r3, r1
	.loc	1 69 35                         @ Library/StdDriver/src/gpio.c:69:35
	bic.w	r12, r12, r3
	.loc	1 69 71                         @ Library/StdDriver/src/gpio.c:69:71
	lsrs	r3, r2, #24
	.loc	1 69 88                         @ Library/StdDriver/src/gpio.c:69:88
	lsls	r3, r1
	.loc	1 69 52                         @ Library/StdDriver/src/gpio.c:69:52
	orr.w	r3, r3, r12
	.loc	1 69 19                         @ Library/StdDriver/src/gpio.c:69:19
	str	r3, [r0, #24]
	.loc	1 70 26 is_stmt 1               @ Library/StdDriver/src/gpio.c:70:26
	ldr.w	r12, [r0, #28]
	mov.w	r3, #65537
	.loc	1 70 46 is_stmt 0               @ Library/StdDriver/src/gpio.c:70:46
	lsls	r3, r1
	.loc	1 70 75                         @ Library/StdDriver/src/gpio.c:70:75
	bic	r2, r2, #-16777216
.Ltmp29:
	@DEBUG_VALUE: GPIO_EnableInt:u32IntAttribs <- [DW_OP_LLVM_entry_value 1] $r2
	.loc	1 70 31                         @ Library/StdDriver/src/gpio.c:70:31
	bic.w	r3, r12, r3
	.loc	1 70 89                         @ Library/StdDriver/src/gpio.c:70:89
	lsl.w	r1, r2, r1
.Ltmp30:
	@DEBUG_VALUE: GPIO_EnableInt:u32Pin <- [DW_OP_LLVM_entry_value 1] $r1
	.loc	1 70 57                         @ Library/StdDriver/src/gpio.c:70:57
	orrs	r1, r3
	.loc	1 70 17                         @ Library/StdDriver/src/gpio.c:70:17
	str	r1, [r0, #28]
	.loc	1 71 1 is_stmt 1                @ Library/StdDriver/src/gpio.c:71:1
	bx	lr
.Ltmp31:
.Lfunc_end1:
	.size	GPIO_EnableInt, .Lfunc_end1-GPIO_EnableInt
	.cfi_endproc
	.cantunwind
	.fnend
                                        @ -- End function
	.hidden	GPIO_DisableInt                 @ -- Begin function GPIO_DisableInt
	.globl	GPIO_DisableInt
	.p2align	2
	.type	GPIO_DisableInt,%function
	.code	16                              @ @GPIO_DisableInt
	.thumb_func
GPIO_DisableInt:
.Lfunc_begin2:
	.loc	1 88 0                          @ Library/StdDriver/src/gpio.c:88:0
	.fnstart
	.cfi_startproc
@ %bb.0:
	@DEBUG_VALUE: GPIO_DisableInt:port <- $r0
	@DEBUG_VALUE: GPIO_DisableInt:u32Pin <- $r1
	movs	r2, #1
.Ltmp32:
	.loc	1 89 19 prologue_end            @ Library/StdDriver/src/gpio.c:89:19
	ldr	r3, [r0, #24]
	.loc	1 89 28 is_stmt 0               @ Library/StdDriver/src/gpio.c:89:28
	lsls	r2, r1
	.loc	1 89 19                         @ Library/StdDriver/src/gpio.c:89:19
	bic.w	r2, r3, r2
	str	r2, [r0, #24]
	mov.w	r2, #65537
	.loc	1 90 17 is_stmt 1               @ Library/StdDriver/src/gpio.c:90:17
	ldr	r3, [r0, #28]
	.loc	1 90 37 is_stmt 0               @ Library/StdDriver/src/gpio.c:90:37
	lsl.w	r1, r2, r1
.Ltmp33:
	@DEBUG_VALUE: GPIO_DisableInt:u32Pin <- [DW_OP_LLVM_entry_value 1] $r1
	.loc	1 90 17                         @ Library/StdDriver/src/gpio.c:90:17
	bic.w	r1, r3, r1
	str	r1, [r0, #28]
	.loc	1 91 1 is_stmt 1                @ Library/StdDriver/src/gpio.c:91:1
	bx	lr
.Ltmp34:
.Lfunc_end2:
	.size	GPIO_DisableInt, .Lfunc_end2-GPIO_DisableInt
	.cfi_endproc
	.cantunwind
	.fnend
                                        @ -- End function
	.hidden	GPIO_SetSlewCtl                 @ -- Begin function GPIO_SetSlewCtl
	.globl	GPIO_SetSlewCtl
	.p2align	2
	.type	GPIO_SetSlewCtl,%function
	.code	16                              @ @GPIO_SetSlewCtl
	.thumb_func
GPIO_SetSlewCtl:
.Lfunc_begin3:
	.loc	1 107 0                         @ Library/StdDriver/src/gpio.c:107:0
	.fnstart
	.cfi_startproc
@ %bb.0:
	@DEBUG_VALUE: GPIO_SetSlewCtl:port <- $r0
	@DEBUG_VALUE: GPIO_SetSlewCtl:u32PinMask <- $r1
	@DEBUG_VALUE: GPIO_SetSlewCtl:u32Mode <- $r2
	.save	{r4, r5, r6, lr}
	push	{r4, r5, r6, lr}
	.cfi_def_cfa_offset 16
	.cfi_offset lr, -4
	.cfi_offset r6, -8
	.cfi_offset r5, -12
	.cfi_offset r4, -16
	movs	r3, #0
	mov.w	lr, #14
.Ltmp35:
	@DEBUG_VALUE: GPIO_SetSlewCtl:i <- 0
	mov.w	r12, #3
	b	.LBB3_2
.Ltmp36:
	.p2align	2
.LBB3_1:                                @   in Loop: Header=BB3_2 Depth=1
	@DEBUG_VALUE: GPIO_SetSlewCtl:u32Mode <- $r2
	@DEBUG_VALUE: GPIO_SetSlewCtl:u32PinMask <- $r1
	@DEBUG_VALUE: GPIO_SetSlewCtl:port <- $r0
	@DEBUG_VALUE: GPIO_SetSlewCtl:i <- [DW_OP_plus_uconst 8, DW_OP_stack_value] undef
	.loc	1 110 20 prologue_end           @ Library/StdDriver/src/gpio.c:110:20
	adds	r3, #1
.Ltmp37:
	.loc	1 110 5 is_stmt 0               @ Library/StdDriver/src/gpio.c:110:5
	cmp	r3, #16
.Ltmp38:
	.loc	1 110 20                        @ Library/StdDriver/src/gpio.c:110:20
	add.w	lr, lr, #16
.Ltmp39:
	.loc	1 117 1 is_stmt 1               @ Library/StdDriver/src/gpio.c:117:1
	it	eq
	.loc	1 117 1 epilogue_begin is_stmt 0 @ Library/StdDriver/src/gpio.c:117:1
	popeq	{r4, r5, r6, pc}
.Ltmp40:
.LBB3_2:                                @ =>This Inner Loop Header: Depth=1
	@DEBUG_VALUE: GPIO_SetSlewCtl:u32Mode <- $r2
	@DEBUG_VALUE: GPIO_SetSlewCtl:u32PinMask <- $r1
	@DEBUG_VALUE: GPIO_SetSlewCtl:port <- $r0
	@DEBUG_VALUE: GPIO_SetSlewCtl:i <- $r3
	.loc	1 112 12 is_stmt 1              @ Library/StdDriver/src/gpio.c:112:12
	lsr.w	r4, r1, r3
	lsls	r4, r4, #31
	beq	.LBB3_4
.Ltmp41:
@ %bb.3:                                @   in Loop: Header=BB3_2 Depth=1
	@DEBUG_VALUE: GPIO_SetSlewCtl:i <- $r3
	@DEBUG_VALUE: GPIO_SetSlewCtl:u32Mode <- $r2
	@DEBUG_VALUE: GPIO_SetSlewCtl:u32PinMask <- $r1
	@DEBUG_VALUE: GPIO_SetSlewCtl:port <- $r0
	.loc	1 114 36                        @ Library/StdDriver/src/gpio.c:114:36
	ldr	r4, [r0, #40]
	.loc	1 114 54 is_stmt 0              @ Library/StdDriver/src/gpio.c:114:54
	sub.w	r5, lr, #14
	lsl.w	r6, r12, r5
	.loc	1 114 44                        @ Library/StdDriver/src/gpio.c:114:44
	bics	r4, r6
	.loc	1 114 79                        @ Library/StdDriver/src/gpio.c:114:79
	lsl.w	r5, r2, r5
	.loc	1 114 68                        @ Library/StdDriver/src/gpio.c:114:68
	orrs	r4, r5
	.loc	1 114 27                        @ Library/StdDriver/src/gpio.c:114:27
	str	r4, [r0, #40]
.Ltmp42:
.LBB3_4:                                @   in Loop: Header=BB3_2 Depth=1
	@DEBUG_VALUE: GPIO_SetSlewCtl:i <- $r3
	@DEBUG_VALUE: GPIO_SetSlewCtl:u32Mode <- $r2
	@DEBUG_VALUE: GPIO_SetSlewCtl:u32PinMask <- $r1
	@DEBUG_VALUE: GPIO_SetSlewCtl:port <- $r0
	@DEBUG_VALUE: GPIO_SetSlewCtl:i <- [DW_OP_constu 1, DW_OP_or, DW_OP_stack_value] $r3
	.loc	1 112 30 is_stmt 1              @ Library/StdDriver/src/gpio.c:112:30
	adds	r3, #1
.Ltmp43:
	.loc	1 112 12 is_stmt 0              @ Library/StdDriver/src/gpio.c:112:12
	lsr.w	r4, r1, r3
	lsls	r4, r4, #31
	beq	.LBB3_6
.Ltmp44:
@ %bb.5:                                @   in Loop: Header=BB3_2 Depth=1
	@DEBUG_VALUE: GPIO_SetSlewCtl:u32Mode <- $r2
	@DEBUG_VALUE: GPIO_SetSlewCtl:u32PinMask <- $r1
	@DEBUG_VALUE: GPIO_SetSlewCtl:port <- $r0
	.loc	1 114 36 is_stmt 1              @ Library/StdDriver/src/gpio.c:114:36
	ldr	r4, [r0, #40]
	.loc	1 114 54 is_stmt 0              @ Library/StdDriver/src/gpio.c:114:54
	sub.w	r5, lr, #12
	lsl.w	r6, r12, r5
	.loc	1 114 44                        @ Library/StdDriver/src/gpio.c:114:44
	bics	r4, r6
	.loc	1 114 79                        @ Library/StdDriver/src/gpio.c:114:79
	lsl.w	r5, r2, r5
	.loc	1 114 68                        @ Library/StdDriver/src/gpio.c:114:68
	orrs	r4, r5
	.loc	1 114 27                        @ Library/StdDriver/src/gpio.c:114:27
	str	r4, [r0, #40]
.Ltmp45:
.LBB3_6:                                @   in Loop: Header=BB3_2 Depth=1
	@DEBUG_VALUE: GPIO_SetSlewCtl:u32Mode <- $r2
	@DEBUG_VALUE: GPIO_SetSlewCtl:u32PinMask <- $r1
	@DEBUG_VALUE: GPIO_SetSlewCtl:port <- $r0
	@DEBUG_VALUE: GPIO_SetSlewCtl:i <- [DW_OP_constu 2, DW_OP_or, DW_OP_stack_value] undef
	.loc	1 112 30 is_stmt 1              @ Library/StdDriver/src/gpio.c:112:30
	adds	r3, #1
.Ltmp46:
	.loc	1 112 12 is_stmt 0              @ Library/StdDriver/src/gpio.c:112:12
	lsr.w	r4, r1, r3
	lsls	r4, r4, #31
	beq	.LBB3_8
.Ltmp47:
@ %bb.7:                                @   in Loop: Header=BB3_2 Depth=1
	@DEBUG_VALUE: GPIO_SetSlewCtl:u32Mode <- $r2
	@DEBUG_VALUE: GPIO_SetSlewCtl:u32PinMask <- $r1
	@DEBUG_VALUE: GPIO_SetSlewCtl:port <- $r0
	.loc	1 114 36 is_stmt 1              @ Library/StdDriver/src/gpio.c:114:36
	ldr	r4, [r0, #40]
	.loc	1 114 54 is_stmt 0              @ Library/StdDriver/src/gpio.c:114:54
	sub.w	r5, lr, #10
	lsl.w	r6, r12, r5
	.loc	1 114 44                        @ Library/StdDriver/src/gpio.c:114:44
	bics	r4, r6
	.loc	1 114 79                        @ Library/StdDriver/src/gpio.c:114:79
	lsl.w	r5, r2, r5
	.loc	1 114 68                        @ Library/StdDriver/src/gpio.c:114:68
	orrs	r4, r5
	.loc	1 114 27                        @ Library/StdDriver/src/gpio.c:114:27
	str	r4, [r0, #40]
.Ltmp48:
.LBB3_8:                                @   in Loop: Header=BB3_2 Depth=1
	@DEBUG_VALUE: GPIO_SetSlewCtl:u32Mode <- $r2
	@DEBUG_VALUE: GPIO_SetSlewCtl:u32PinMask <- $r1
	@DEBUG_VALUE: GPIO_SetSlewCtl:port <- $r0
	@DEBUG_VALUE: GPIO_SetSlewCtl:i <- [DW_OP_constu 3, DW_OP_or, DW_OP_stack_value] undef
	.loc	1 112 30 is_stmt 1              @ Library/StdDriver/src/gpio.c:112:30
	adds	r3, #1
.Ltmp49:
	.loc	1 112 12 is_stmt 0              @ Library/StdDriver/src/gpio.c:112:12
	lsr.w	r4, r1, r3
	lsls	r4, r4, #31
	beq	.LBB3_10
.Ltmp50:
@ %bb.9:                                @   in Loop: Header=BB3_2 Depth=1
	@DEBUG_VALUE: GPIO_SetSlewCtl:u32Mode <- $r2
	@DEBUG_VALUE: GPIO_SetSlewCtl:u32PinMask <- $r1
	@DEBUG_VALUE: GPIO_SetSlewCtl:port <- $r0
	.loc	1 114 36 is_stmt 1              @ Library/StdDriver/src/gpio.c:114:36
	ldr	r4, [r0, #40]
	.loc	1 114 54 is_stmt 0              @ Library/StdDriver/src/gpio.c:114:54
	sub.w	r5, lr, #8
	lsl.w	r6, r12, r5
	.loc	1 114 44                        @ Library/StdDriver/src/gpio.c:114:44
	bics	r4, r6
	.loc	1 114 79                        @ Library/StdDriver/src/gpio.c:114:79
	lsl.w	r5, r2, r5
	.loc	1 114 68                        @ Library/StdDriver/src/gpio.c:114:68
	orrs	r4, r5
	.loc	1 114 27                        @ Library/StdDriver/src/gpio.c:114:27
	str	r4, [r0, #40]
.Ltmp51:
.LBB3_10:                               @   in Loop: Header=BB3_2 Depth=1
	@DEBUG_VALUE: GPIO_SetSlewCtl:u32Mode <- $r2
	@DEBUG_VALUE: GPIO_SetSlewCtl:u32PinMask <- $r1
	@DEBUG_VALUE: GPIO_SetSlewCtl:port <- $r0
	@DEBUG_VALUE: GPIO_SetSlewCtl:i <- [DW_OP_constu 4, DW_OP_or, DW_OP_stack_value] undef
	.loc	1 112 30 is_stmt 1              @ Library/StdDriver/src/gpio.c:112:30
	adds	r3, #1
.Ltmp52:
	.loc	1 112 12 is_stmt 0              @ Library/StdDriver/src/gpio.c:112:12
	lsr.w	r4, r1, r3
	lsls	r4, r4, #31
	beq	.LBB3_12
.Ltmp53:
@ %bb.11:                               @   in Loop: Header=BB3_2 Depth=1
	@DEBUG_VALUE: GPIO_SetSlewCtl:u32Mode <- $r2
	@DEBUG_VALUE: GPIO_SetSlewCtl:u32PinMask <- $r1
	@DEBUG_VALUE: GPIO_SetSlewCtl:port <- $r0
	.loc	1 114 36 is_stmt 1              @ Library/StdDriver/src/gpio.c:114:36
	ldr	r4, [r0, #40]
	.loc	1 114 54 is_stmt 0              @ Library/StdDriver/src/gpio.c:114:54
	sub.w	r5, lr, #6
	lsl.w	r6, r12, r5
	.loc	1 114 44                        @ Library/StdDriver/src/gpio.c:114:44
	bics	r4, r6
	.loc	1 114 79                        @ Library/StdDriver/src/gpio.c:114:79
	lsl.w	r5, r2, r5
	.loc	1 114 68                        @ Library/StdDriver/src/gpio.c:114:68
	orrs	r4, r5
	.loc	1 114 27                        @ Library/StdDriver/src/gpio.c:114:27
	str	r4, [r0, #40]
.Ltmp54:
.LBB3_12:                               @   in Loop: Header=BB3_2 Depth=1
	@DEBUG_VALUE: GPIO_SetSlewCtl:u32Mode <- $r2
	@DEBUG_VALUE: GPIO_SetSlewCtl:u32PinMask <- $r1
	@DEBUG_VALUE: GPIO_SetSlewCtl:port <- $r0
	@DEBUG_VALUE: GPIO_SetSlewCtl:i <- [DW_OP_constu 5, DW_OP_or, DW_OP_stack_value] undef
	.loc	1 112 30 is_stmt 1              @ Library/StdDriver/src/gpio.c:112:30
	adds	r3, #1
.Ltmp55:
	.loc	1 112 12 is_stmt 0              @ Library/StdDriver/src/gpio.c:112:12
	lsr.w	r4, r1, r3
	lsls	r4, r4, #31
	beq	.LBB3_14
.Ltmp56:
@ %bb.13:                               @   in Loop: Header=BB3_2 Depth=1
	@DEBUG_VALUE: GPIO_SetSlewCtl:u32Mode <- $r2
	@DEBUG_VALUE: GPIO_SetSlewCtl:u32PinMask <- $r1
	@DEBUG_VALUE: GPIO_SetSlewCtl:port <- $r0
	.loc	1 114 36 is_stmt 1              @ Library/StdDriver/src/gpio.c:114:36
	ldr	r4, [r0, #40]
	.loc	1 114 54 is_stmt 0              @ Library/StdDriver/src/gpio.c:114:54
	sub.w	r5, lr, #4
	lsl.w	r6, r12, r5
	.loc	1 114 44                        @ Library/StdDriver/src/gpio.c:114:44
	bics	r4, r6
	.loc	1 114 79                        @ Library/StdDriver/src/gpio.c:114:79
	lsl.w	r5, r2, r5
	.loc	1 114 68                        @ Library/StdDriver/src/gpio.c:114:68
	orrs	r4, r5
	.loc	1 114 27                        @ Library/StdDriver/src/gpio.c:114:27
	str	r4, [r0, #40]
.Ltmp57:
.LBB3_14:                               @   in Loop: Header=BB3_2 Depth=1
	@DEBUG_VALUE: GPIO_SetSlewCtl:u32Mode <- $r2
	@DEBUG_VALUE: GPIO_SetSlewCtl:u32PinMask <- $r1
	@DEBUG_VALUE: GPIO_SetSlewCtl:port <- $r0
	@DEBUG_VALUE: GPIO_SetSlewCtl:i <- [DW_OP_constu 6, DW_OP_or, DW_OP_stack_value] undef
	.loc	1 112 30 is_stmt 1              @ Library/StdDriver/src/gpio.c:112:30
	adds	r3, #1
.Ltmp58:
	.loc	1 112 12 is_stmt 0              @ Library/StdDriver/src/gpio.c:112:12
	lsr.w	r4, r1, r3
	lsls	r4, r4, #31
	beq	.LBB3_16
.Ltmp59:
@ %bb.15:                               @   in Loop: Header=BB3_2 Depth=1
	@DEBUG_VALUE: GPIO_SetSlewCtl:u32Mode <- $r2
	@DEBUG_VALUE: GPIO_SetSlewCtl:u32PinMask <- $r1
	@DEBUG_VALUE: GPIO_SetSlewCtl:port <- $r0
	.loc	1 114 36 is_stmt 1              @ Library/StdDriver/src/gpio.c:114:36
	ldr	r4, [r0, #40]
	.loc	1 114 54 is_stmt 0              @ Library/StdDriver/src/gpio.c:114:54
	sub.w	r5, lr, #2
	lsl.w	r6, r12, r5
	.loc	1 114 44                        @ Library/StdDriver/src/gpio.c:114:44
	bics	r4, r6
	.loc	1 114 79                        @ Library/StdDriver/src/gpio.c:114:79
	lsl.w	r5, r2, r5
	.loc	1 114 68                        @ Library/StdDriver/src/gpio.c:114:68
	orrs	r4, r5
	.loc	1 114 27                        @ Library/StdDriver/src/gpio.c:114:27
	str	r4, [r0, #40]
.Ltmp60:
.LBB3_16:                               @   in Loop: Header=BB3_2 Depth=1
	@DEBUG_VALUE: GPIO_SetSlewCtl:u32Mode <- $r2
	@DEBUG_VALUE: GPIO_SetSlewCtl:u32PinMask <- $r1
	@DEBUG_VALUE: GPIO_SetSlewCtl:port <- $r0
	@DEBUG_VALUE: GPIO_SetSlewCtl:i <- [DW_OP_constu 7, DW_OP_or, DW_OP_stack_value] undef
	.loc	1 112 30 is_stmt 1              @ Library/StdDriver/src/gpio.c:112:30
	adds	r3, #1
.Ltmp61:
	.loc	1 112 12 is_stmt 0              @ Library/StdDriver/src/gpio.c:112:12
	lsr.w	r4, r1, r3
	lsls	r4, r4, #31
	beq	.LBB3_1
.Ltmp62:
@ %bb.17:                               @   in Loop: Header=BB3_2 Depth=1
	@DEBUG_VALUE: GPIO_SetSlewCtl:u32Mode <- $r2
	@DEBUG_VALUE: GPIO_SetSlewCtl:u32PinMask <- $r1
	@DEBUG_VALUE: GPIO_SetSlewCtl:port <- $r0
	.loc	1 114 36 is_stmt 1              @ Library/StdDriver/src/gpio.c:114:36
	ldr	r4, [r0, #40]
	.loc	1 114 54 is_stmt 0              @ Library/StdDriver/src/gpio.c:114:54
	lsl.w	r5, r12, lr
	.loc	1 114 44                        @ Library/StdDriver/src/gpio.c:114:44
	bics	r4, r5
	.loc	1 114 79                        @ Library/StdDriver/src/gpio.c:114:79
	lsl.w	r5, r2, lr
	.loc	1 114 68                        @ Library/StdDriver/src/gpio.c:114:68
	orrs	r4, r5
	.loc	1 114 27                        @ Library/StdDriver/src/gpio.c:114:27
	str	r4, [r0, #40]
	b	.LBB3_1
.Ltmp63:
.Lfunc_end3:
	.size	GPIO_SetSlewCtl, .Lfunc_end3-GPIO_SetSlewCtl
	.cfi_endproc
	.cantunwind
	.fnend
                                        @ -- End function
	.hidden	GPIO_SetPullCtl                 @ -- Begin function GPIO_SetPullCtl
	.globl	GPIO_SetPullCtl
	.p2align	2
	.type	GPIO_SetPullCtl,%function
	.code	16                              @ @GPIO_SetPullCtl
	.thumb_func
GPIO_SetPullCtl:
.Lfunc_begin4:
	.loc	1 134 0 is_stmt 1               @ Library/StdDriver/src/gpio.c:134:0
	.fnstart
	.cfi_startproc
@ %bb.0:
	@DEBUG_VALUE: GPIO_SetPullCtl:port <- $r0
	@DEBUG_VALUE: GPIO_SetPullCtl:u32PinMask <- $r1
	@DEBUG_VALUE: GPIO_SetPullCtl:u32Mode <- $r2
	.save	{r4, r5, r6, lr}
	push	{r4, r5, r6, lr}
	.cfi_def_cfa_offset 16
	.cfi_offset lr, -4
	.cfi_offset r6, -8
	.cfi_offset r5, -12
	.cfi_offset r4, -16
	movs	r3, #0
	mov.w	lr, #14
.Ltmp64:
	@DEBUG_VALUE: GPIO_SetPullCtl:i <- 0
	mov.w	r12, #3
	b	.LBB4_2
.Ltmp65:
	.p2align	2
.LBB4_1:                                @   in Loop: Header=BB4_2 Depth=1
	@DEBUG_VALUE: GPIO_SetPullCtl:u32Mode <- $r2
	@DEBUG_VALUE: GPIO_SetPullCtl:u32PinMask <- $r1
	@DEBUG_VALUE: GPIO_SetPullCtl:port <- $r0
	@DEBUG_VALUE: GPIO_SetPullCtl:i <- [DW_OP_plus_uconst 8, DW_OP_stack_value] undef
	.loc	1 137 20 prologue_end           @ Library/StdDriver/src/gpio.c:137:20
	adds	r3, #1
.Ltmp66:
	.loc	1 137 5 is_stmt 0               @ Library/StdDriver/src/gpio.c:137:5
	cmp	r3, #16
.Ltmp67:
	.loc	1 137 20                        @ Library/StdDriver/src/gpio.c:137:20
	add.w	lr, lr, #16
.Ltmp68:
	.loc	1 144 1 is_stmt 1               @ Library/StdDriver/src/gpio.c:144:1
	it	eq
	.loc	1 144 1 epilogue_begin is_stmt 0 @ Library/StdDriver/src/gpio.c:144:1
	popeq	{r4, r5, r6, pc}
.Ltmp69:
.LBB4_2:                                @ =>This Inner Loop Header: Depth=1
	@DEBUG_VALUE: GPIO_SetPullCtl:u32Mode <- $r2
	@DEBUG_VALUE: GPIO_SetPullCtl:u32PinMask <- $r1
	@DEBUG_VALUE: GPIO_SetPullCtl:port <- $r0
	@DEBUG_VALUE: GPIO_SetPullCtl:i <- $r3
	.loc	1 139 12 is_stmt 1              @ Library/StdDriver/src/gpio.c:139:12
	lsr.w	r4, r1, r3
	lsls	r4, r4, #31
	beq	.LBB4_4
.Ltmp70:
@ %bb.3:                                @   in Loop: Header=BB4_2 Depth=1
	@DEBUG_VALUE: GPIO_SetPullCtl:i <- $r3
	@DEBUG_VALUE: GPIO_SetPullCtl:u32Mode <- $r2
	@DEBUG_VALUE: GPIO_SetPullCtl:u32PinMask <- $r1
	@DEBUG_VALUE: GPIO_SetPullCtl:port <- $r0
	.loc	1 141 34                        @ Library/StdDriver/src/gpio.c:141:34
	ldr	r4, [r0, #48]
	.loc	1 141 50 is_stmt 0              @ Library/StdDriver/src/gpio.c:141:50
	sub.w	r5, lr, #14
	lsl.w	r6, r12, r5
	.loc	1 141 40                        @ Library/StdDriver/src/gpio.c:141:40
	bics	r4, r6
	.loc	1 141 75                        @ Library/StdDriver/src/gpio.c:141:75
	lsl.w	r5, r2, r5
	.loc	1 141 64                        @ Library/StdDriver/src/gpio.c:141:64
	orrs	r4, r5
	.loc	1 141 25                        @ Library/StdDriver/src/gpio.c:141:25
	str	r4, [r0, #48]
.Ltmp71:
.LBB4_4:                                @   in Loop: Header=BB4_2 Depth=1
	@DEBUG_VALUE: GPIO_SetPullCtl:i <- $r3
	@DEBUG_VALUE: GPIO_SetPullCtl:u32Mode <- $r2
	@DEBUG_VALUE: GPIO_SetPullCtl:u32PinMask <- $r1
	@DEBUG_VALUE: GPIO_SetPullCtl:port <- $r0
	@DEBUG_VALUE: GPIO_SetPullCtl:i <- [DW_OP_constu 1, DW_OP_or, DW_OP_stack_value] $r3
	.loc	1 139 30 is_stmt 1              @ Library/StdDriver/src/gpio.c:139:30
	adds	r3, #1
.Ltmp72:
	.loc	1 139 12 is_stmt 0              @ Library/StdDriver/src/gpio.c:139:12
	lsr.w	r4, r1, r3
	lsls	r4, r4, #31
	beq	.LBB4_6
.Ltmp73:
@ %bb.5:                                @   in Loop: Header=BB4_2 Depth=1
	@DEBUG_VALUE: GPIO_SetPullCtl:u32Mode <- $r2
	@DEBUG_VALUE: GPIO_SetPullCtl:u32PinMask <- $r1
	@DEBUG_VALUE: GPIO_SetPullCtl:port <- $r0
	.loc	1 141 34 is_stmt 1              @ Library/StdDriver/src/gpio.c:141:34
	ldr	r4, [r0, #48]
	.loc	1 141 50 is_stmt 0              @ Library/StdDriver/src/gpio.c:141:50
	sub.w	r5, lr, #12
	lsl.w	r6, r12, r5
	.loc	1 141 40                        @ Library/StdDriver/src/gpio.c:141:40
	bics	r4, r6
	.loc	1 141 75                        @ Library/StdDriver/src/gpio.c:141:75
	lsl.w	r5, r2, r5
	.loc	1 141 64                        @ Library/StdDriver/src/gpio.c:141:64
	orrs	r4, r5
	.loc	1 141 25                        @ Library/StdDriver/src/gpio.c:141:25
	str	r4, [r0, #48]
.Ltmp74:
.LBB4_6:                                @   in Loop: Header=BB4_2 Depth=1
	@DEBUG_VALUE: GPIO_SetPullCtl:u32Mode <- $r2
	@DEBUG_VALUE: GPIO_SetPullCtl:u32PinMask <- $r1
	@DEBUG_VALUE: GPIO_SetPullCtl:port <- $r0
	@DEBUG_VALUE: GPIO_SetPullCtl:i <- [DW_OP_constu 2, DW_OP_or, DW_OP_stack_value] undef
	.loc	1 139 30 is_stmt 1              @ Library/StdDriver/src/gpio.c:139:30
	adds	r3, #1
.Ltmp75:
	.loc	1 139 12 is_stmt 0              @ Library/StdDriver/src/gpio.c:139:12
	lsr.w	r4, r1, r3
	lsls	r4, r4, #31
	beq	.LBB4_8
.Ltmp76:
@ %bb.7:                                @   in Loop: Header=BB4_2 Depth=1
	@DEBUG_VALUE: GPIO_SetPullCtl:u32Mode <- $r2
	@DEBUG_VALUE: GPIO_SetPullCtl:u32PinMask <- $r1
	@DEBUG_VALUE: GPIO_SetPullCtl:port <- $r0
	.loc	1 141 34 is_stmt 1              @ Library/StdDriver/src/gpio.c:141:34
	ldr	r4, [r0, #48]
	.loc	1 141 50 is_stmt 0              @ Library/StdDriver/src/gpio.c:141:50
	sub.w	r5, lr, #10
	lsl.w	r6, r12, r5
	.loc	1 141 40                        @ Library/StdDriver/src/gpio.c:141:40
	bics	r4, r6
	.loc	1 141 75                        @ Library/StdDriver/src/gpio.c:141:75
	lsl.w	r5, r2, r5
	.loc	1 141 64                        @ Library/StdDriver/src/gpio.c:141:64
	orrs	r4, r5
	.loc	1 141 25                        @ Library/StdDriver/src/gpio.c:141:25
	str	r4, [r0, #48]
.Ltmp77:
.LBB4_8:                                @   in Loop: Header=BB4_2 Depth=1
	@DEBUG_VALUE: GPIO_SetPullCtl:u32Mode <- $r2
	@DEBUG_VALUE: GPIO_SetPullCtl:u32PinMask <- $r1
	@DEBUG_VALUE: GPIO_SetPullCtl:port <- $r0
	@DEBUG_VALUE: GPIO_SetPullCtl:i <- [DW_OP_constu 3, DW_OP_or, DW_OP_stack_value] undef
	.loc	1 139 30 is_stmt 1              @ Library/StdDriver/src/gpio.c:139:30
	adds	r3, #1
.Ltmp78:
	.loc	1 139 12 is_stmt 0              @ Library/StdDriver/src/gpio.c:139:12
	lsr.w	r4, r1, r3
	lsls	r4, r4, #31
	beq	.LBB4_10
.Ltmp79:
@ %bb.9:                                @   in Loop: Header=BB4_2 Depth=1
	@DEBUG_VALUE: GPIO_SetPullCtl:u32Mode <- $r2
	@DEBUG_VALUE: GPIO_SetPullCtl:u32PinMask <- $r1
	@DEBUG_VALUE: GPIO_SetPullCtl:port <- $r0
	.loc	1 141 34 is_stmt 1              @ Library/StdDriver/src/gpio.c:141:34
	ldr	r4, [r0, #48]
	.loc	1 141 50 is_stmt 0              @ Library/StdDriver/src/gpio.c:141:50
	sub.w	r5, lr, #8
	lsl.w	r6, r12, r5
	.loc	1 141 40                        @ Library/StdDriver/src/gpio.c:141:40
	bics	r4, r6
	.loc	1 141 75                        @ Library/StdDriver/src/gpio.c:141:75
	lsl.w	r5, r2, r5
	.loc	1 141 64                        @ Library/StdDriver/src/gpio.c:141:64
	orrs	r4, r5
	.loc	1 141 25                        @ Library/StdDriver/src/gpio.c:141:25
	str	r4, [r0, #48]
.Ltmp80:
.LBB4_10:                               @   in Loop: Header=BB4_2 Depth=1
	@DEBUG_VALUE: GPIO_SetPullCtl:u32Mode <- $r2
	@DEBUG_VALUE: GPIO_SetPullCtl:u32PinMask <- $r1
	@DEBUG_VALUE: GPIO_SetPullCtl:port <- $r0
	@DEBUG_VALUE: GPIO_SetPullCtl:i <- [DW_OP_constu 4, DW_OP_or, DW_OP_stack_value] undef
	.loc	1 139 30 is_stmt 1              @ Library/StdDriver/src/gpio.c:139:30
	adds	r3, #1
.Ltmp81:
	.loc	1 139 12 is_stmt 0              @ Library/StdDriver/src/gpio.c:139:12
	lsr.w	r4, r1, r3
	lsls	r4, r4, #31
	beq	.LBB4_12
.Ltmp82:
@ %bb.11:                               @   in Loop: Header=BB4_2 Depth=1
	@DEBUG_VALUE: GPIO_SetPullCtl:u32Mode <- $r2
	@DEBUG_VALUE: GPIO_SetPullCtl:u32PinMask <- $r1
	@DEBUG_VALUE: GPIO_SetPullCtl:port <- $r0
	.loc	1 141 34 is_stmt 1              @ Library/StdDriver/src/gpio.c:141:34
	ldr	r4, [r0, #48]
	.loc	1 141 50 is_stmt 0              @ Library/StdDriver/src/gpio.c:141:50
	sub.w	r5, lr, #6
	lsl.w	r6, r12, r5
	.loc	1 141 40                        @ Library/StdDriver/src/gpio.c:141:40
	bics	r4, r6
	.loc	1 141 75                        @ Library/StdDriver/src/gpio.c:141:75
	lsl.w	r5, r2, r5
	.loc	1 141 64                        @ Library/StdDriver/src/gpio.c:141:64
	orrs	r4, r5
	.loc	1 141 25                        @ Library/StdDriver/src/gpio.c:141:25
	str	r4, [r0, #48]
.Ltmp83:
.LBB4_12:                               @   in Loop: Header=BB4_2 Depth=1
	@DEBUG_VALUE: GPIO_SetPullCtl:u32Mode <- $r2
	@DEBUG_VALUE: GPIO_SetPullCtl:u32PinMask <- $r1
	@DEBUG_VALUE: GPIO_SetPullCtl:port <- $r0
	@DEBUG_VALUE: GPIO_SetPullCtl:i <- [DW_OP_constu 5, DW_OP_or, DW_OP_stack_value] undef
	.loc	1 139 30 is_stmt 1              @ Library/StdDriver/src/gpio.c:139:30
	adds	r3, #1
.Ltmp84:
	.loc	1 139 12 is_stmt 0              @ Library/StdDriver/src/gpio.c:139:12
	lsr.w	r4, r1, r3
	lsls	r4, r4, #31
	beq	.LBB4_14
.Ltmp85:
@ %bb.13:                               @   in Loop: Header=BB4_2 Depth=1
	@DEBUG_VALUE: GPIO_SetPullCtl:u32Mode <- $r2
	@DEBUG_VALUE: GPIO_SetPullCtl:u32PinMask <- $r1
	@DEBUG_VALUE: GPIO_SetPullCtl:port <- $r0
	.loc	1 141 34 is_stmt 1              @ Library/StdDriver/src/gpio.c:141:34
	ldr	r4, [r0, #48]
	.loc	1 141 50 is_stmt 0              @ Library/StdDriver/src/gpio.c:141:50
	sub.w	r5, lr, #4
	lsl.w	r6, r12, r5
	.loc	1 141 40                        @ Library/StdDriver/src/gpio.c:141:40
	bics	r4, r6
	.loc	1 141 75                        @ Library/StdDriver/src/gpio.c:141:75
	lsl.w	r5, r2, r5
	.loc	1 141 64                        @ Library/StdDriver/src/gpio.c:141:64
	orrs	r4, r5
	.loc	1 141 25                        @ Library/StdDriver/src/gpio.c:141:25
	str	r4, [r0, #48]
.Ltmp86:
.LBB4_14:                               @   in Loop: Header=BB4_2 Depth=1
	@DEBUG_VALUE: GPIO_SetPullCtl:u32Mode <- $r2
	@DEBUG_VALUE: GPIO_SetPullCtl:u32PinMask <- $r1
	@DEBUG_VALUE: GPIO_SetPullCtl:port <- $r0
	@DEBUG_VALUE: GPIO_SetPullCtl:i <- [DW_OP_constu 6, DW_OP_or, DW_OP_stack_value] undef
	.loc	1 139 30 is_stmt 1              @ Library/StdDriver/src/gpio.c:139:30
	adds	r3, #1
.Ltmp87:
	.loc	1 139 12 is_stmt 0              @ Library/StdDriver/src/gpio.c:139:12
	lsr.w	r4, r1, r3
	lsls	r4, r4, #31
	beq	.LBB4_16
.Ltmp88:
@ %bb.15:                               @   in Loop: Header=BB4_2 Depth=1
	@DEBUG_VALUE: GPIO_SetPullCtl:u32Mode <- $r2
	@DEBUG_VALUE: GPIO_SetPullCtl:u32PinMask <- $r1
	@DEBUG_VALUE: GPIO_SetPullCtl:port <- $r0
	.loc	1 141 34 is_stmt 1              @ Library/StdDriver/src/gpio.c:141:34
	ldr	r4, [r0, #48]
	.loc	1 141 50 is_stmt 0              @ Library/StdDriver/src/gpio.c:141:50
	sub.w	r5, lr, #2
	lsl.w	r6, r12, r5
	.loc	1 141 40                        @ Library/StdDriver/src/gpio.c:141:40
	bics	r4, r6
	.loc	1 141 75                        @ Library/StdDriver/src/gpio.c:141:75
	lsl.w	r5, r2, r5
	.loc	1 141 64                        @ Library/StdDriver/src/gpio.c:141:64
	orrs	r4, r5
	.loc	1 141 25                        @ Library/StdDriver/src/gpio.c:141:25
	str	r4, [r0, #48]
.Ltmp89:
.LBB4_16:                               @   in Loop: Header=BB4_2 Depth=1
	@DEBUG_VALUE: GPIO_SetPullCtl:u32Mode <- $r2
	@DEBUG_VALUE: GPIO_SetPullCtl:u32PinMask <- $r1
	@DEBUG_VALUE: GPIO_SetPullCtl:port <- $r0
	@DEBUG_VALUE: GPIO_SetPullCtl:i <- [DW_OP_constu 7, DW_OP_or, DW_OP_stack_value] undef
	.loc	1 139 30 is_stmt 1              @ Library/StdDriver/src/gpio.c:139:30
	adds	r3, #1
.Ltmp90:
	.loc	1 139 12 is_stmt 0              @ Library/StdDriver/src/gpio.c:139:12
	lsr.w	r4, r1, r3
	lsls	r4, r4, #31
	beq	.LBB4_1
.Ltmp91:
@ %bb.17:                               @   in Loop: Header=BB4_2 Depth=1
	@DEBUG_VALUE: GPIO_SetPullCtl:u32Mode <- $r2
	@DEBUG_VALUE: GPIO_SetPullCtl:u32PinMask <- $r1
	@DEBUG_VALUE: GPIO_SetPullCtl:port <- $r0
	.loc	1 141 34 is_stmt 1              @ Library/StdDriver/src/gpio.c:141:34
	ldr	r4, [r0, #48]
	.loc	1 141 50 is_stmt 0              @ Library/StdDriver/src/gpio.c:141:50
	lsl.w	r5, r12, lr
	.loc	1 141 40                        @ Library/StdDriver/src/gpio.c:141:40
	bics	r4, r5
	.loc	1 141 75                        @ Library/StdDriver/src/gpio.c:141:75
	lsl.w	r5, r2, lr
	.loc	1 141 64                        @ Library/StdDriver/src/gpio.c:141:64
	orrs	r4, r5
	.loc	1 141 25                        @ Library/StdDriver/src/gpio.c:141:25
	str	r4, [r0, #48]
	b	.LBB4_1
.Ltmp92:
.Lfunc_end4:
	.size	GPIO_SetPullCtl, .Lfunc_end4-GPIO_SetPullCtl
	.cfi_endproc
	.cantunwind
	.fnend
                                        @ -- End function
	.file	2 "C:\\Users\\Admin" "AppData\\Local\\Keil_v5\\ARM\\ARMCLANG\\bin\\..\\include\\stdint.h"
	.file	3 "C:\\Users\\Admin\\Downloads\\EEET2481_Tutorial_1_LED_Sweep" "./Library/Device/Nuvoton/M480/Include\\gpio_reg.h"
	.section	.debug_loc,"",%progbits
.Ldebug_loc0:
	.long	.Ltmp0-.Lfunc_begin0
	.long	.Ltmp1-.Lfunc_begin0
	.short	2                               @ Loc expr size
	.byte	48                              @ DW_OP_lit0
	.byte	159                             @ DW_OP_stack_value
	.long	.Ltmp5-.Lfunc_begin0
	.long	.Ltmp7-.Lfunc_begin0
	.short	1                               @ Loc expr size
	.byte	83                              @ DW_OP_reg3
	.long	.Ltmp7-.Lfunc_begin0
	.long	.Ltmp8-.Lfunc_begin0
	.short	5                               @ Loc expr size
	.byte	115                             @ DW_OP_breg3
	.byte	0                               @ 0
	.byte	49                              @ DW_OP_lit1
	.byte	33                              @ DW_OP_or
	.byte	159                             @ DW_OP_stack_value
	.long	0
	.long	0
.Ldebug_loc1:
	.long	.Lfunc_begin1-.Lfunc_begin0
	.long	.Ltmp30-.Lfunc_begin0
	.short	1                               @ Loc expr size
	.byte	81                              @ DW_OP_reg1
	.long	.Ltmp30-.Lfunc_begin0
	.long	.Lfunc_end1-.Lfunc_begin0
	.short	4                               @ Loc expr size
	.byte	243                             @ DW_OP_GNU_entry_value
	.byte	1                               @ 1
	.byte	81                              @ DW_OP_reg1
	.byte	159                             @ DW_OP_stack_value
	.long	0
	.long	0
.Ldebug_loc2:
	.long	.Lfunc_begin1-.Lfunc_begin0
	.long	.Ltmp29-.Lfunc_begin0
	.short	1                               @ Loc expr size
	.byte	82                              @ DW_OP_reg2
	.long	.Ltmp29-.Lfunc_begin0
	.long	.Lfunc_end1-.Lfunc_begin0
	.short	4                               @ Loc expr size
	.byte	243                             @ DW_OP_GNU_entry_value
	.byte	1                               @ 1
	.byte	82                              @ DW_OP_reg2
	.byte	159                             @ DW_OP_stack_value
	.long	0
	.long	0
.Ldebug_loc3:
	.long	.Lfunc_begin2-.Lfunc_begin0
	.long	.Ltmp33-.Lfunc_begin0
	.short	1                               @ Loc expr size
	.byte	81                              @ DW_OP_reg1
	.long	.Ltmp33-.Lfunc_begin0
	.long	.Lfunc_end2-.Lfunc_begin0
	.short	4                               @ Loc expr size
	.byte	243                             @ DW_OP_GNU_entry_value
	.byte	1                               @ 1
	.byte	81                              @ DW_OP_reg1
	.byte	159                             @ DW_OP_stack_value
	.long	0
	.long	0
.Ldebug_loc4:
	.long	.Ltmp35-.Lfunc_begin0
	.long	.Ltmp36-.Lfunc_begin0
	.short	2                               @ Loc expr size
	.byte	48                              @ DW_OP_lit0
	.byte	159                             @ DW_OP_stack_value
	.long	.Ltmp40-.Lfunc_begin0
	.long	.Ltmp42-.Lfunc_begin0
	.short	1                               @ Loc expr size
	.byte	83                              @ DW_OP_reg3
	.long	.Ltmp42-.Lfunc_begin0
	.long	.Ltmp43-.Lfunc_begin0
	.short	5                               @ Loc expr size
	.byte	115                             @ DW_OP_breg3
	.byte	0                               @ 0
	.byte	49                              @ DW_OP_lit1
	.byte	33                              @ DW_OP_or
	.byte	159                             @ DW_OP_stack_value
	.long	0
	.long	0
.Ldebug_loc5:
	.long	.Ltmp64-.Lfunc_begin0
	.long	.Ltmp65-.Lfunc_begin0
	.short	2                               @ Loc expr size
	.byte	48                              @ DW_OP_lit0
	.byte	159                             @ DW_OP_stack_value
	.long	.Ltmp69-.Lfunc_begin0
	.long	.Ltmp71-.Lfunc_begin0
	.short	1                               @ Loc expr size
	.byte	83                              @ DW_OP_reg3
	.long	.Ltmp71-.Lfunc_begin0
	.long	.Ltmp72-.Lfunc_begin0
	.short	5                               @ Loc expr size
	.byte	115                             @ DW_OP_breg3
	.byte	0                               @ 0
	.byte	49                              @ DW_OP_lit1
	.byte	33                              @ DW_OP_or
	.byte	159                             @ DW_OP_stack_value
	.long	0
	.long	0
	.section	.debug_abbrev,"",%progbits
	.byte	1                               @ Abbreviation Code
	.byte	17                              @ DW_TAG_compile_unit
	.byte	1                               @ DW_CHILDREN_yes
	.byte	37                              @ DW_AT_producer
	.byte	14                              @ DW_FORM_strp
	.byte	19                              @ DW_AT_language
	.byte	5                               @ DW_FORM_data2
	.byte	3                               @ DW_AT_name
	.byte	14                              @ DW_FORM_strp
	.byte	16                              @ DW_AT_stmt_list
	.byte	23                              @ DW_FORM_sec_offset
	.byte	27                              @ DW_AT_comp_dir
	.byte	14                              @ DW_FORM_strp
	.byte	17                              @ DW_AT_low_pc
	.byte	1                               @ DW_FORM_addr
	.byte	18                              @ DW_AT_high_pc
	.byte	6                               @ DW_FORM_data4
	.byte	0                               @ EOM(1)
	.byte	0                               @ EOM(2)
	.byte	2                               @ Abbreviation Code
	.byte	46                              @ DW_TAG_subprogram
	.byte	1                               @ DW_CHILDREN_yes
	.byte	17                              @ DW_AT_low_pc
	.byte	1                               @ DW_FORM_addr
	.byte	18                              @ DW_AT_high_pc
	.byte	6                               @ DW_FORM_data4
	.byte	64                              @ DW_AT_frame_base
	.byte	24                              @ DW_FORM_exprloc
	.ascii	"\227B"                         @ DW_AT_GNU_all_call_sites
	.byte	25                              @ DW_FORM_flag_present
	.byte	3                               @ DW_AT_name
	.byte	14                              @ DW_FORM_strp
	.byte	58                              @ DW_AT_decl_file
	.byte	11                              @ DW_FORM_data1
	.byte	59                              @ DW_AT_decl_line
	.byte	11                              @ DW_FORM_data1
	.byte	39                              @ DW_AT_prototyped
	.byte	25                              @ DW_FORM_flag_present
	.byte	63                              @ DW_AT_external
	.byte	25                              @ DW_FORM_flag_present
	.byte	0                               @ EOM(1)
	.byte	0                               @ EOM(2)
	.byte	3                               @ Abbreviation Code
	.byte	5                               @ DW_TAG_formal_parameter
	.byte	0                               @ DW_CHILDREN_no
	.byte	2                               @ DW_AT_location
	.byte	24                              @ DW_FORM_exprloc
	.byte	3                               @ DW_AT_name
	.byte	14                              @ DW_FORM_strp
	.byte	58                              @ DW_AT_decl_file
	.byte	11                              @ DW_FORM_data1
	.byte	59                              @ DW_AT_decl_line
	.byte	11                              @ DW_FORM_data1
	.byte	73                              @ DW_AT_type
	.byte	19                              @ DW_FORM_ref4
	.byte	0                               @ EOM(1)
	.byte	0                               @ EOM(2)
	.byte	4                               @ Abbreviation Code
	.byte	52                              @ DW_TAG_variable
	.byte	0                               @ DW_CHILDREN_no
	.byte	2                               @ DW_AT_location
	.byte	23                              @ DW_FORM_sec_offset
	.byte	3                               @ DW_AT_name
	.byte	14                              @ DW_FORM_strp
	.byte	58                              @ DW_AT_decl_file
	.byte	11                              @ DW_FORM_data1
	.byte	59                              @ DW_AT_decl_line
	.byte	11                              @ DW_FORM_data1
	.byte	73                              @ DW_AT_type
	.byte	19                              @ DW_FORM_ref4
	.byte	0                               @ EOM(1)
	.byte	0                               @ EOM(2)
	.byte	5                               @ Abbreviation Code
	.byte	5                               @ DW_TAG_formal_parameter
	.byte	0                               @ DW_CHILDREN_no
	.byte	2                               @ DW_AT_location
	.byte	23                              @ DW_FORM_sec_offset
	.byte	3                               @ DW_AT_name
	.byte	14                              @ DW_FORM_strp
	.byte	58                              @ DW_AT_decl_file
	.byte	11                              @ DW_FORM_data1
	.byte	59                              @ DW_AT_decl_line
	.byte	11                              @ DW_FORM_data1
	.byte	73                              @ DW_AT_type
	.byte	19                              @ DW_FORM_ref4
	.byte	0                               @ EOM(1)
	.byte	0                               @ EOM(2)
	.byte	6                               @ Abbreviation Code
	.byte	15                              @ DW_TAG_pointer_type
	.byte	0                               @ DW_CHILDREN_no
	.byte	73                              @ DW_AT_type
	.byte	19                              @ DW_FORM_ref4
	.byte	0                               @ EOM(1)
	.byte	0                               @ EOM(2)
	.byte	7                               @ Abbreviation Code
	.byte	22                              @ DW_TAG_typedef
	.byte	0                               @ DW_CHILDREN_no
	.byte	73                              @ DW_AT_type
	.byte	19                              @ DW_FORM_ref4
	.byte	3                               @ DW_AT_name
	.byte	14                              @ DW_FORM_strp
	.byte	58                              @ DW_AT_decl_file
	.byte	11                              @ DW_FORM_data1
	.byte	59                              @ DW_AT_decl_line
	.byte	11                              @ DW_FORM_data1
	.byte	0                               @ EOM(1)
	.byte	0                               @ EOM(2)
	.byte	8                               @ Abbreviation Code
	.byte	19                              @ DW_TAG_structure_type
	.byte	1                               @ DW_CHILDREN_yes
	.byte	11                              @ DW_AT_byte_size
	.byte	11                              @ DW_FORM_data1
	.byte	58                              @ DW_AT_decl_file
	.byte	11                              @ DW_FORM_data1
	.byte	59                              @ DW_AT_decl_line
	.byte	11                              @ DW_FORM_data1
	.byte	0                               @ EOM(1)
	.byte	0                               @ EOM(2)
	.byte	9                               @ Abbreviation Code
	.byte	13                              @ DW_TAG_member
	.byte	0                               @ DW_CHILDREN_no
	.byte	3                               @ DW_AT_name
	.byte	14                              @ DW_FORM_strp
	.byte	73                              @ DW_AT_type
	.byte	19                              @ DW_FORM_ref4
	.byte	58                              @ DW_AT_decl_file
	.byte	11                              @ DW_FORM_data1
	.byte	59                              @ DW_AT_decl_line
	.byte	11                              @ DW_FORM_data1
	.byte	56                              @ DW_AT_data_member_location
	.byte	11                              @ DW_FORM_data1
	.byte	0                               @ EOM(1)
	.byte	0                               @ EOM(2)
	.byte	10                              @ Abbreviation Code
	.byte	53                              @ DW_TAG_volatile_type
	.byte	0                               @ DW_CHILDREN_no
	.byte	73                              @ DW_AT_type
	.byte	19                              @ DW_FORM_ref4
	.byte	0                               @ EOM(1)
	.byte	0                               @ EOM(2)
	.byte	11                              @ Abbreviation Code
	.byte	36                              @ DW_TAG_base_type
	.byte	0                               @ DW_CHILDREN_no
	.byte	3                               @ DW_AT_name
	.byte	14                              @ DW_FORM_strp
	.byte	62                              @ DW_AT_encoding
	.byte	11                              @ DW_FORM_data1
	.byte	11                              @ DW_AT_byte_size
	.byte	11                              @ DW_FORM_data1
	.byte	0                               @ EOM(1)
	.byte	0                               @ EOM(2)
	.byte	12                              @ Abbreviation Code
	.byte	38                              @ DW_TAG_const_type
	.byte	0                               @ DW_CHILDREN_no
	.byte	73                              @ DW_AT_type
	.byte	19                              @ DW_FORM_ref4
	.byte	0                               @ EOM(1)
	.byte	0                               @ EOM(2)
	.byte	13                              @ Abbreviation Code
	.byte	1                               @ DW_TAG_array_type
	.byte	1                               @ DW_CHILDREN_yes
	.byte	73                              @ DW_AT_type
	.byte	19                              @ DW_FORM_ref4
	.byte	0                               @ EOM(1)
	.byte	0                               @ EOM(2)
	.byte	14                              @ Abbreviation Code
	.byte	33                              @ DW_TAG_subrange_type
	.byte	0                               @ DW_CHILDREN_no
	.byte	73                              @ DW_AT_type
	.byte	19                              @ DW_FORM_ref4
	.byte	55                              @ DW_AT_count
	.byte	11                              @ DW_FORM_data1
	.byte	0                               @ EOM(1)
	.byte	0                               @ EOM(2)
	.byte	15                              @ Abbreviation Code
	.byte	36                              @ DW_TAG_base_type
	.byte	0                               @ DW_CHILDREN_no
	.byte	3                               @ DW_AT_name
	.byte	14                              @ DW_FORM_strp
	.byte	11                              @ DW_AT_byte_size
	.byte	11                              @ DW_FORM_data1
	.byte	62                              @ DW_AT_encoding
	.byte	11                              @ DW_FORM_data1
	.byte	0                               @ EOM(1)
	.byte	0                               @ EOM(2)
	.byte	0                               @ EOM(3)
	.section	.debug_info,"",%progbits
.Lcu_begin0:
	.long	.Ldebug_info_end0-.Ldebug_info_start0 @ Length of Unit
.Ldebug_info_start0:
	.short	4                               @ DWARF version number
	.long	.debug_abbrev                   @ Offset Into Abbrev. Section
	.byte	4                               @ Address Size (in bytes)
	.byte	1                               @ Abbrev [1] 0xb:0x23f DW_TAG_compile_unit
	.long	.Linfo_string0                  @ DW_AT_producer
	.short	1                               @ DW_AT_language
	.long	.Linfo_string1                  @ DW_AT_name
	.long	.Lline_table_start0             @ DW_AT_stmt_list
	.long	.Linfo_string2                  @ DW_AT_comp_dir
	.long	.Lfunc_begin0                   @ DW_AT_low_pc
	.long	.Lfunc_end4-.Lfunc_begin0       @ DW_AT_high_pc
	.byte	2                               @ Abbrev [2] 0x26:0x48 DW_TAG_subprogram
	.long	.Lfunc_begin0                   @ DW_AT_low_pc
	.long	.Lfunc_end0-.Lfunc_begin0       @ DW_AT_high_pc
	.byte	1                               @ DW_AT_frame_base
	.byte	93
                                        @ DW_AT_GNU_all_call_sites
	.long	.Linfo_string3                  @ DW_AT_name
	.byte	1                               @ DW_AT_decl_file
	.byte	39                              @ DW_AT_decl_line
                                        @ DW_AT_prototyped
                                        @ DW_AT_external
	.byte	3                               @ Abbrev [3] 0x37:0xd DW_TAG_formal_parameter
	.byte	1                               @ DW_AT_location
	.byte	80
	.long	.Linfo_string8                  @ DW_AT_name
	.byte	1                               @ DW_AT_decl_file
	.byte	39                              @ DW_AT_decl_line
	.long	361                             @ DW_AT_type
	.byte	3                               @ Abbrev [3] 0x44:0xd DW_TAG_formal_parameter
	.byte	1                               @ DW_AT_location
	.byte	81
	.long	.Linfo_string26                 @ DW_AT_name
	.byte	1                               @ DW_AT_decl_file
	.byte	39                              @ DW_AT_decl_line
	.long	543                             @ DW_AT_type
	.byte	3                               @ Abbrev [3] 0x51:0xd DW_TAG_formal_parameter
	.byte	1                               @ DW_AT_location
	.byte	82
	.long	.Linfo_string27                 @ DW_AT_name
	.byte	1                               @ DW_AT_decl_file
	.byte	39                              @ DW_AT_decl_line
	.long	543                             @ DW_AT_type
	.byte	4                               @ Abbrev [4] 0x5e:0xf DW_TAG_variable
	.long	.Ldebug_loc0                    @ DW_AT_location
	.long	.Linfo_string28                 @ DW_AT_name
	.byte	1                               @ DW_AT_decl_file
	.byte	41                              @ DW_AT_decl_line
	.long	543                             @ DW_AT_type
	.byte	0                               @ End Of Children Mark
	.byte	2                               @ Abbrev [2] 0x6e:0x3d DW_TAG_subprogram
	.long	.Lfunc_begin1                   @ DW_AT_low_pc
	.long	.Lfunc_end1-.Lfunc_begin1       @ DW_AT_high_pc
	.byte	1                               @ DW_AT_frame_base
	.byte	93
                                        @ DW_AT_GNU_all_call_sites
	.long	.Linfo_string4                  @ DW_AT_name
	.byte	1                               @ DW_AT_decl_file
	.byte	67                              @ DW_AT_decl_line
                                        @ DW_AT_prototyped
                                        @ DW_AT_external
	.byte	3                               @ Abbrev [3] 0x7f:0xd DW_TAG_formal_parameter
	.byte	1                               @ DW_AT_location
	.byte	80
	.long	.Linfo_string8                  @ DW_AT_name
	.byte	1                               @ DW_AT_decl_file
	.byte	67                              @ DW_AT_decl_line
	.long	361                             @ DW_AT_type
	.byte	5                               @ Abbrev [5] 0x8c:0xf DW_TAG_formal_parameter
	.long	.Ldebug_loc1                    @ DW_AT_location
	.long	.Linfo_string29                 @ DW_AT_name
	.byte	1                               @ DW_AT_decl_file
	.byte	67                              @ DW_AT_decl_line
	.long	543                             @ DW_AT_type
	.byte	5                               @ Abbrev [5] 0x9b:0xf DW_TAG_formal_parameter
	.long	.Ldebug_loc2                    @ DW_AT_location
	.long	.Linfo_string30                 @ DW_AT_name
	.byte	1                               @ DW_AT_decl_file
	.byte	67                              @ DW_AT_decl_line
	.long	543                             @ DW_AT_type
	.byte	0                               @ End Of Children Mark
	.byte	2                               @ Abbrev [2] 0xab:0x2e DW_TAG_subprogram
	.long	.Lfunc_begin2                   @ DW_AT_low_pc
	.long	.Lfunc_end2-.Lfunc_begin2       @ DW_AT_high_pc
	.byte	1                               @ DW_AT_frame_base
	.byte	93
                                        @ DW_AT_GNU_all_call_sites
	.long	.Linfo_string5                  @ DW_AT_name
	.byte	1                               @ DW_AT_decl_file
	.byte	87                              @ DW_AT_decl_line
                                        @ DW_AT_prototyped
                                        @ DW_AT_external
	.byte	3                               @ Abbrev [3] 0xbc:0xd DW_TAG_formal_parameter
	.byte	1                               @ DW_AT_location
	.byte	80
	.long	.Linfo_string8                  @ DW_AT_name
	.byte	1                               @ DW_AT_decl_file
	.byte	87                              @ DW_AT_decl_line
	.long	361                             @ DW_AT_type
	.byte	5                               @ Abbrev [5] 0xc9:0xf DW_TAG_formal_parameter
	.long	.Ldebug_loc3                    @ DW_AT_location
	.long	.Linfo_string29                 @ DW_AT_name
	.byte	1                               @ DW_AT_decl_file
	.byte	87                              @ DW_AT_decl_line
	.long	543                             @ DW_AT_type
	.byte	0                               @ End Of Children Mark
	.byte	2                               @ Abbrev [2] 0xd9:0x48 DW_TAG_subprogram
	.long	.Lfunc_begin3                   @ DW_AT_low_pc
	.long	.Lfunc_end3-.Lfunc_begin3       @ DW_AT_high_pc
	.byte	1                               @ DW_AT_frame_base
	.byte	93
                                        @ DW_AT_GNU_all_call_sites
	.long	.Linfo_string6                  @ DW_AT_name
	.byte	1                               @ DW_AT_decl_file
	.byte	106                             @ DW_AT_decl_line
                                        @ DW_AT_prototyped
                                        @ DW_AT_external
	.byte	3                               @ Abbrev [3] 0xea:0xd DW_TAG_formal_parameter
	.byte	1                               @ DW_AT_location
	.byte	80
	.long	.Linfo_string8                  @ DW_AT_name
	.byte	1                               @ DW_AT_decl_file
	.byte	106                             @ DW_AT_decl_line
	.long	361                             @ DW_AT_type
	.byte	3                               @ Abbrev [3] 0xf7:0xd DW_TAG_formal_parameter
	.byte	1                               @ DW_AT_location
	.byte	81
	.long	.Linfo_string26                 @ DW_AT_name
	.byte	1                               @ DW_AT_decl_file
	.byte	106                             @ DW_AT_decl_line
	.long	543                             @ DW_AT_type
	.byte	3                               @ Abbrev [3] 0x104:0xd DW_TAG_formal_parameter
	.byte	1                               @ DW_AT_location
	.byte	82
	.long	.Linfo_string27                 @ DW_AT_name
	.byte	1                               @ DW_AT_decl_file
	.byte	106                             @ DW_AT_decl_line
	.long	543                             @ DW_AT_type
	.byte	4                               @ Abbrev [4] 0x111:0xf DW_TAG_variable
	.long	.Ldebug_loc4                    @ DW_AT_location
	.long	.Linfo_string28                 @ DW_AT_name
	.byte	1                               @ DW_AT_decl_file
	.byte	108                             @ DW_AT_decl_line
	.long	543                             @ DW_AT_type
	.byte	0                               @ End Of Children Mark
	.byte	2                               @ Abbrev [2] 0x121:0x48 DW_TAG_subprogram
	.long	.Lfunc_begin4                   @ DW_AT_low_pc
	.long	.Lfunc_end4-.Lfunc_begin4       @ DW_AT_high_pc
	.byte	1                               @ DW_AT_frame_base
	.byte	93
                                        @ DW_AT_GNU_all_call_sites
	.long	.Linfo_string7                  @ DW_AT_name
	.byte	1                               @ DW_AT_decl_file
	.byte	133                             @ DW_AT_decl_line
                                        @ DW_AT_prototyped
                                        @ DW_AT_external
	.byte	3                               @ Abbrev [3] 0x132:0xd DW_TAG_formal_parameter
	.byte	1                               @ DW_AT_location
	.byte	80
	.long	.Linfo_string8                  @ DW_AT_name
	.byte	1                               @ DW_AT_decl_file
	.byte	133                             @ DW_AT_decl_line
	.long	361                             @ DW_AT_type
	.byte	3                               @ Abbrev [3] 0x13f:0xd DW_TAG_formal_parameter
	.byte	1                               @ DW_AT_location
	.byte	81
	.long	.Linfo_string26                 @ DW_AT_name
	.byte	1                               @ DW_AT_decl_file
	.byte	133                             @ DW_AT_decl_line
	.long	543                             @ DW_AT_type
	.byte	3                               @ Abbrev [3] 0x14c:0xd DW_TAG_formal_parameter
	.byte	1                               @ DW_AT_location
	.byte	82
	.long	.Linfo_string27                 @ DW_AT_name
	.byte	1                               @ DW_AT_decl_file
	.byte	133                             @ DW_AT_decl_line
	.long	543                             @ DW_AT_type
	.byte	4                               @ Abbrev [4] 0x159:0xf DW_TAG_variable
	.long	.Ldebug_loc5                    @ DW_AT_location
	.long	.Linfo_string28                 @ DW_AT_name
	.byte	1                               @ DW_AT_decl_file
	.byte	135                             @ DW_AT_decl_line
	.long	543                             @ DW_AT_type
	.byte	0                               @ End Of Children Mark
	.byte	6                               @ Abbrev [6] 0x169:0x5 DW_TAG_pointer_type
	.long	366                             @ DW_AT_type
	.byte	7                               @ Abbrev [7] 0x16e:0xb DW_TAG_typedef
	.long	377                             @ DW_AT_type
	.long	.Linfo_string25                 @ DW_AT_name
	.byte	3                               @ DW_AT_decl_file
	.byte	249                             @ DW_AT_decl_line
	.byte	8                               @ Abbrev [8] 0x179:0xa1 DW_TAG_structure_type
	.byte	52                              @ DW_AT_byte_size
	.byte	3                               @ DW_AT_decl_file
	.byte	27                              @ DW_AT_decl_line
	.byte	9                               @ Abbrev [9] 0x17d:0xc DW_TAG_member
	.long	.Linfo_string9                  @ DW_AT_name
	.long	538                             @ DW_AT_type
	.byte	3                               @ DW_AT_decl_file
	.byte	233                             @ DW_AT_decl_line
	.byte	0                               @ DW_AT_data_member_location
	.byte	9                               @ Abbrev [9] 0x189:0xc DW_TAG_member
	.long	.Linfo_string12                 @ DW_AT_name
	.long	538                             @ DW_AT_type
	.byte	3                               @ DW_AT_decl_file
	.byte	234                             @ DW_AT_decl_line
	.byte	4                               @ DW_AT_data_member_location
	.byte	9                               @ Abbrev [9] 0x195:0xc DW_TAG_member
	.long	.Linfo_string13                 @ DW_AT_name
	.long	538                             @ DW_AT_type
	.byte	3                               @ DW_AT_decl_file
	.byte	235                             @ DW_AT_decl_line
	.byte	8                               @ DW_AT_data_member_location
	.byte	9                               @ Abbrev [9] 0x1a1:0xc DW_TAG_member
	.long	.Linfo_string14                 @ DW_AT_name
	.long	538                             @ DW_AT_type
	.byte	3                               @ DW_AT_decl_file
	.byte	236                             @ DW_AT_decl_line
	.byte	12                              @ DW_AT_data_member_location
	.byte	9                               @ Abbrev [9] 0x1ad:0xc DW_TAG_member
	.long	.Linfo_string15                 @ DW_AT_name
	.long	561                             @ DW_AT_type
	.byte	3                               @ DW_AT_decl_file
	.byte	237                             @ DW_AT_decl_line
	.byte	16                              @ DW_AT_data_member_location
	.byte	9                               @ Abbrev [9] 0x1b9:0xc DW_TAG_member
	.long	.Linfo_string16                 @ DW_AT_name
	.long	538                             @ DW_AT_type
	.byte	3                               @ DW_AT_decl_file
	.byte	238                             @ DW_AT_decl_line
	.byte	20                              @ DW_AT_data_member_location
	.byte	9                               @ Abbrev [9] 0x1c5:0xc DW_TAG_member
	.long	.Linfo_string17                 @ DW_AT_name
	.long	538                             @ DW_AT_type
	.byte	3                               @ DW_AT_decl_file
	.byte	239                             @ DW_AT_decl_line
	.byte	24                              @ DW_AT_data_member_location
	.byte	9                               @ Abbrev [9] 0x1d1:0xc DW_TAG_member
	.long	.Linfo_string18                 @ DW_AT_name
	.long	538                             @ DW_AT_type
	.byte	3                               @ DW_AT_decl_file
	.byte	240                             @ DW_AT_decl_line
	.byte	28                              @ DW_AT_data_member_location
	.byte	9                               @ Abbrev [9] 0x1dd:0xc DW_TAG_member
	.long	.Linfo_string19                 @ DW_AT_name
	.long	538                             @ DW_AT_type
	.byte	3                               @ DW_AT_decl_file
	.byte	241                             @ DW_AT_decl_line
	.byte	32                              @ DW_AT_data_member_location
	.byte	9                               @ Abbrev [9] 0x1e9:0xc DW_TAG_member
	.long	.Linfo_string20                 @ DW_AT_name
	.long	538                             @ DW_AT_type
	.byte	3                               @ DW_AT_decl_file
	.byte	242                             @ DW_AT_decl_line
	.byte	36                              @ DW_AT_data_member_location
	.byte	9                               @ Abbrev [9] 0x1f5:0xc DW_TAG_member
	.long	.Linfo_string21                 @ DW_AT_name
	.long	538                             @ DW_AT_type
	.byte	3                               @ DW_AT_decl_file
	.byte	243                             @ DW_AT_decl_line
	.byte	40                              @ DW_AT_data_member_location
	.byte	9                               @ Abbrev [9] 0x201:0xc DW_TAG_member
	.long	.Linfo_string22                 @ DW_AT_name
	.long	566                             @ DW_AT_type
	.byte	3                               @ DW_AT_decl_file
	.byte	245                             @ DW_AT_decl_line
	.byte	44                              @ DW_AT_data_member_location
	.byte	9                               @ Abbrev [9] 0x20d:0xc DW_TAG_member
	.long	.Linfo_string24                 @ DW_AT_name
	.long	538                             @ DW_AT_type
	.byte	3                               @ DW_AT_decl_file
	.byte	247                             @ DW_AT_decl_line
	.byte	48                              @ DW_AT_data_member_location
	.byte	0                               @ End Of Children Mark
	.byte	10                              @ Abbrev [10] 0x21a:0x5 DW_TAG_volatile_type
	.long	543                             @ DW_AT_type
	.byte	7                               @ Abbrev [7] 0x21f:0xb DW_TAG_typedef
	.long	554                             @ DW_AT_type
	.long	.Linfo_string11                 @ DW_AT_name
	.byte	2                               @ DW_AT_decl_file
	.byte	64                              @ DW_AT_decl_line
	.byte	11                              @ Abbrev [11] 0x22a:0x7 DW_TAG_base_type
	.long	.Linfo_string10                 @ DW_AT_name
	.byte	7                               @ DW_AT_encoding
	.byte	4                               @ DW_AT_byte_size
	.byte	12                              @ Abbrev [12] 0x231:0x5 DW_TAG_const_type
	.long	538                             @ DW_AT_type
	.byte	13                              @ Abbrev [13] 0x236:0xc DW_TAG_array_type
	.long	561                             @ DW_AT_type
	.byte	14                              @ Abbrev [14] 0x23b:0x6 DW_TAG_subrange_type
	.long	578                             @ DW_AT_type
	.byte	1                               @ DW_AT_count
	.byte	0                               @ End Of Children Mark
	.byte	15                              @ Abbrev [15] 0x242:0x7 DW_TAG_base_type
	.long	.Linfo_string23                 @ DW_AT_name
	.byte	8                               @ DW_AT_byte_size
	.byte	7                               @ DW_AT_encoding
	.byte	0                               @ End Of Children Mark
.Ldebug_info_end0:
	.section	.debug_str,"MS",%progbits,1
.Linfo_string0:
	.asciz	"Component: Arm Compiler for Embedded 6.22 Tool: armclang [5ee92100]" @ string offset=0
.Linfo_string1:
	.asciz	"Library/StdDriver/src\\gpio.c" @ string offset=68
.Linfo_string2:
	.asciz	"C:\\Users\\Admin\\Downloads\\EEET2481_Tutorial_1_LED_Sweep" @ string offset=97
.Linfo_string3:
	.asciz	"GPIO_SetMode"                  @ string offset=152
.Linfo_string4:
	.asciz	"GPIO_EnableInt"                @ string offset=165
.Linfo_string5:
	.asciz	"GPIO_DisableInt"               @ string offset=180
.Linfo_string6:
	.asciz	"GPIO_SetSlewCtl"               @ string offset=196
.Linfo_string7:
	.asciz	"GPIO_SetPullCtl"               @ string offset=212
.Linfo_string8:
	.asciz	"port"                          @ string offset=228
.Linfo_string9:
	.asciz	"MODE"                          @ string offset=233
.Linfo_string10:
	.asciz	"unsigned int"                  @ string offset=238
.Linfo_string11:
	.asciz	"uint32_t"                      @ string offset=251
.Linfo_string12:
	.asciz	"DINOFF"                        @ string offset=260
.Linfo_string13:
	.asciz	"DOUT"                          @ string offset=267
.Linfo_string14:
	.asciz	"DATMSK"                        @ string offset=272
.Linfo_string15:
	.asciz	"PIN"                           @ string offset=279
.Linfo_string16:
	.asciz	"DBEN"                          @ string offset=283
.Linfo_string17:
	.asciz	"INTTYPE"                       @ string offset=288
.Linfo_string18:
	.asciz	"INTEN"                         @ string offset=296
.Linfo_string19:
	.asciz	"INTSRC"                        @ string offset=302
.Linfo_string20:
	.asciz	"SMTEN"                         @ string offset=309
.Linfo_string21:
	.asciz	"SLEWCTL"                       @ string offset=315
.Linfo_string22:
	.asciz	"RESERVE0"                      @ string offset=323
.Linfo_string23:
	.asciz	"__ARRAY_SIZE_TYPE__"           @ string offset=332
.Linfo_string24:
	.asciz	"PUSEL"                         @ string offset=352
.Linfo_string25:
	.asciz	"GPIO_T"                        @ string offset=358
.Linfo_string26:
	.asciz	"u32PinMask"                    @ string offset=365
.Linfo_string27:
	.asciz	"u32Mode"                       @ string offset=376
.Linfo_string28:
	.asciz	"i"                             @ string offset=384
.Linfo_string29:
	.asciz	"u32Pin"                        @ string offset=386
.Linfo_string30:
	.asciz	"u32IntAttribs"                 @ string offset=393
	.ident	"Component: Arm Compiler for Embedded 6.22 Tool: armclang [5ee92100]"
	.section	".note.GNU-stack","",%progbits
	.eabi_attribute	30, 1	@ Tag_ABI_optimization_goals
	.ARM_attribute	16, 1	@ Tag_AV_eba
	.section	.debug_line,"",%progbits
.Lline_table_start0:
